{"C:\\Users\\USER\\task-app\\backend.js": {"path":"C:\\Users\\USER\\task-app\\backend.js","all":true,"statementMap":{"0":{"start":{"line":1,"column":0},"end":{"line":1,"column":30}},"1":{"start":{"line":2,"column":0},"end":{"line":2,"column":24}},"2":{"start":{"line":3,"column":0},"end":{"line":3,"column":0}},"3":{"start":{"line":4,"column":0},"end":{"line":4,"column":22}},"4":{"start":{"line":5,"column":0},"end":{"line":5,"column":18}},"5":{"start":{"line":6,"column":0},"end":{"line":6,"column":0}},"6":{"start":{"line":7,"column":0},"end":{"line":7,"column":13}},"7":{"start":{"line":8,"column":0},"end":{"line":8,"column":59}},"8":{"start":{"line":9,"column":0},"end":{"line":9,"column":59}},"9":{"start":{"line":10,"column":0},"end":{"line":10,"column":2}},"10":{"start":{"line":11,"column":0},"end":{"line":11,"column":0}},"11":{"start":{"line":12,"column":0},"end":{"line":12,"column":24}},"12":{"start":{"line":13,"column":0},"end":{"line":13,"column":16}},"13":{"start":{"line":14,"column":0},"end":{"line":14,"column":0}},"14":{"start":{"line":15,"column":0},"end":{"line":15,"column":47}},"15":{"start":{"line":16,"column":0},"end":{"line":16,"column":37}},"16":{"start":{"line":17,"column":0},"end":{"line":17,"column":18}},"17":{"start":{"line":18,"column":0},"end":{"line":18,"column":3}},"18":{"start":{"line":19,"column":0},"end":{"line":19,"column":0}},"19":{"start":{"line":20,"column":0},"end":{"line":20,"column":46}},"20":{"start":{"line":21,"column":0},"end":{"line":21,"column":0}},"21":{"start":{"line":22,"column":0},"end":{"line":22,"column":41}},"22":{"start":{"line":23,"column":0},"end":{"line":23,"column":30}},"23":{"start":{"line":24,"column":0},"end":{"line":24,"column":62}},"24":{"start":{"line":25,"column":0},"end":{"line":25,"column":4}},"25":{"start":{"line":26,"column":0},"end":{"line":26,"column":15}},"26":{"start":{"line":27,"column":0},"end":{"line":27,"column":21}},"27":{"start":{"line":28,"column":0},"end":{"line":28,"column":12}},"28":{"start":{"line":29,"column":0},"end":{"line":29,"column":58}},"29":{"start":{"line":30,"column":0},"end":{"line":30,"column":5}},"30":{"start":{"line":31,"column":0},"end":{"line":31,"column":5}},"31":{"start":{"line":32,"column":0},"end":{"line":32,"column":0}},"32":{"start":{"line":33,"column":0},"end":{"line":33,"column":34}},"33":{"start":{"line":34,"column":0},"end":{"line":34,"column":38}},"34":{"start":{"line":35,"column":0},"end":{"line":35,"column":27}},"35":{"start":{"line":36,"column":0},"end":{"line":36,"column":32}},"36":{"start":{"line":37,"column":0},"end":{"line":37,"column":22}},"37":{"start":{"line":38,"column":0},"end":{"line":38,"column":32}},"38":{"start":{"line":39,"column":0},"end":{"line":39,"column":3}},"39":{"start":{"line":40,"column":0},"end":{"line":40,"column":0}},"40":{"start":{"line":41,"column":0},"end":{"line":41,"column":30}},"41":{"start":{"line":42,"column":0},"end":{"line":42,"column":43}},"42":{"start":{"line":43,"column":0},"end":{"line":43,"column":28}},"43":{"start":{"line":44,"column":0},"end":{"line":44,"column":31}},"44":{"start":{"line":45,"column":0},"end":{"line":45,"column":0}},"45":{"start":{"line":46,"column":0},"end":{"line":46,"column":29}},"46":{"start":{"line":47,"column":0},"end":{"line":47,"column":65}},"47":{"start":{"line":48,"column":0},"end":{"line":48,"column":4}},"48":{"start":{"line":49,"column":0},"end":{"line":49,"column":0}},"49":{"start":{"line":50,"column":0},"end":{"line":50,"column":24}},"50":{"start":{"line":51,"column":0},"end":{"line":51,"column":3}},"51":{"start":{"line":52,"column":0},"end":{"line":52,"column":0}},"52":{"start":{"line":53,"column":0},"end":{"line":53,"column":26}},"53":{"start":{"line":54,"column":0},"end":{"line":54,"column":44}},"54":{"start":{"line":55,"column":0},"end":{"line":55,"column":28}},"55":{"start":{"line":56,"column":0},"end":{"line":56,"column":59}},"56":{"start":{"line":57,"column":0},"end":{"line":57,"column":25}},"57":{"start":{"line":58,"column":0},"end":{"line":58,"column":3}},"58":{"start":{"line":59,"column":0},"end":{"line":59,"column":0}},"59":{"start":{"line":60,"column":0},"end":{"line":60,"column":24}},"60":{"start":{"line":61,"column":0},"end":{"line":61,"column":60}},"61":{"start":{"line":62,"column":0},"end":{"line":62,"column":3}}},"s":{"0":0,"1":0,"2":0,"3":0,"4":0,"5":0,"6":0,"7":0,"8":0,"9":0,"10":0,"11":0,"12":0,"13":0,"14":0,"15":0,"16":0,"17":0,"18":0,"19":0,"20":0,"21":0,"22":0,"23":0,"24":0,"25":0,"26":0,"27":0,"28":0,"29":0,"30":0,"31":0,"32":0,"33":0,"34":0,"35":0,"36":0,"37":0,"38":0,"39":0,"40":0,"41":0,"42":0,"43":0,"44":0,"45":0,"46":0,"47":0,"48":0,"49":0,"50":0,"51":0,"52":0,"53":0,"54":0,"55":0,"56":0,"57":0,"58":0,"59":0,"60":0,"61":0},"branchMap":{"0":{"type":"branch","line":1,"loc":{"start":{"line":1,"column":0},"end":{"line":62,"column":-211}},"locations":[{"start":{"line":1,"column":0},"end":{"line":62,"column":-211}}]}},"b":{"0":[0]},"fnMap":{"0":{"name":"(empty-report)","decl":{"start":{"line":1,"column":0},"end":{"line":62,"column":-211}},"loc":{"start":{"line":1,"column":0},"end":{"line":62,"column":-211}},"line":1}},"f":{"0":0}}
,"C:\\Users\\USER\\task-app\\postcss.config.js": {"path":"C:\\Users\\USER\\task-app\\postcss.config.js","all":true,"statementMap":{"0":{"start":{"line":1,"column":0},"end":{"line":1,"column":16}},"1":{"start":{"line":2,"column":0},"end":{"line":2,"column":12}},"2":{"start":{"line":3,"column":0},"end":{"line":3,"column":20}},"3":{"start":{"line":4,"column":0},"end":{"line":4,"column":21}},"4":{"start":{"line":5,"column":0},"end":{"line":5,"column":4}},"5":{"start":{"line":6,"column":0},"end":{"line":6,"column":1}}},"s":{"0":0,"1":0,"2":0,"3":0,"4":0,"5":0},"branchMap":{"0":{"type":"branch","line":1,"loc":{"start":{"line":1,"column":0},"end":{"line":6,"column":-11}},"locations":[{"start":{"line":1,"column":0},"end":{"line":6,"column":-11}}]}},"b":{"0":[0]},"fnMap":{"0":{"name":"(empty-report)","decl":{"start":{"line":1,"column":0},"end":{"line":6,"column":-11}},"loc":{"start":{"line":1,"column":0},"end":{"line":6,"column":-11}},"line":1}},"f":{"0":0}}
,"C:\\Users\\USER\\task-app\\tailwind.config.js": {"path":"C:\\Users\\USER\\task-app\\tailwind.config.js","all":true,"statementMap":{"0":{"start":{"line":1,"column":0},"end":{"line":1,"column":43}},"1":{"start":{"line":2,"column":0},"end":{"line":2,"column":16}},"2":{"start":{"line":3,"column":0},"end":{"line":3,"column":12}},"3":{"start":{"line":4,"column":0},"end":{"line":4,"column":19}},"4":{"start":{"line":5,"column":0},"end":{"line":5,"column":33}},"5":{"start":{"line":6,"column":0},"end":{"line":6,"column":4}},"6":{"start":{"line":7,"column":0},"end":{"line":7,"column":10}},"7":{"start":{"line":8,"column":0},"end":{"line":8,"column":15}},"8":{"start":{"line":9,"column":0},"end":{"line":9,"column":4}},"9":{"start":{"line":10,"column":0},"end":{"line":10,"column":14}},"10":{"start":{"line":11,"column":0},"end":{"line":11,"column":2}}},"s":{"0":0,"1":0,"2":0,"3":0,"4":0,"5":0,"6":0,"7":0,"8":0,"9":0,"10":0},"branchMap":{"0":{"type":"branch","line":1,"loc":{"start":{"line":1,"column":0},"end":{"line":11,"column":-6}},"locations":[{"start":{"line":1,"column":0},"end":{"line":11,"column":-6}}]}},"b":{"0":[0]},"fnMap":{"0":{"name":"(empty-report)","decl":{"start":{"line":1,"column":0},"end":{"line":11,"column":-6}},"loc":{"start":{"line":1,"column":0},"end":{"line":11,"column":-6}},"line":1}},"f":{"0":0}}
,"C:\\Users\\USER\\task-app\\src\\App.tsx": {"path":"C:\\Users\\USER\\task-app\\src\\App.tsx","all":true,"statementMap":{"0":{"start":{"line":1,"column":0},"end":{"line":1,"column":87}},"12":{"start":{"line":13,"column":0},"end":{"line":13,"column":68}},"13":{"start":{"line":14,"column":0},"end":{"line":14,"column":63}},"23":{"start":{"line":24,"column":0},"end":{"line":24,"column":23}},"26":{"start":{"line":27,"column":0},"end":{"line":27,"column":22}},"55":{"start":{"line":56,"column":0},"end":{"line":56,"column":22}},"59":{"start":{"line":60,"column":0},"end":{"line":60,"column":84}},"60":{"start":{"line":61,"column":0},"end":{"line":61,"column":39}},"61":{"start":{"line":62,"column":0},"end":{"line":62,"column":45}},"62":{"start":{"line":63,"column":0},"end":{"line":63,"column":47}},"63":{"start":{"line":64,"column":0},"end":{"line":64,"column":42}},"64":{"start":{"line":65,"column":0},"end":{"line":65,"column":53}},"66":{"start":{"line":67,"column":0},"end":{"line":67,"column":19}},"67":{"start":{"line":68,"column":0},"end":{"line":68,"column":10}},"68":{"start":{"line":69,"column":0},"end":{"line":69,"column":12}},"69":{"start":{"line":70,"column":0},"end":{"line":70,"column":14}},"71":{"start":{"line":72,"column":0},"end":{"line":72,"column":61}},"74":{"start":{"line":75,"column":0},"end":{"line":75,"column":51}},"75":{"start":{"line":76,"column":0},"end":{"line":76,"column":55}},"76":{"start":{"line":77,"column":0},"end":{"line":77,"column":57}},"77":{"start":{"line":78,"column":0},"end":{"line":78,"column":59}},"80":{"start":{"line":81,"column":0},"end":{"line":81,"column":14}},"81":{"start":{"line":82,"column":0},"end":{"line":82,"column":25}},"82":{"start":{"line":83,"column":0},"end":{"line":83,"column":73}},"83":{"start":{"line":84,"column":0},"end":{"line":84,"column":10}},"84":{"start":{"line":85,"column":0},"end":{"line":85,"column":15}},"85":{"start":{"line":86,"column":0},"end":{"line":86,"column":13}},"87":{"start":{"line":88,"column":0},"end":{"line":88,"column":2}},"89":{"start":{"line":90,"column":0},"end":{"line":90,"column":19}}},"s":{"0":0,"12":0,"13":0,"23":0,"26":0,"55":0,"59":0,"60":0,"61":0,"62":0,"63":0,"64":0,"66":0,"67":0,"68":0,"69":0,"71":0,"74":0,"75":0,"76":0,"77":0,"80":0,"81":0,"82":0,"83":0,"84":0,"85":0,"87":0,"89":0},"branchMap":{"0":{"type":"branch","line":1,"loc":{"start":{"line":1,"column":2046},"end":{"line":90,"column":-309}},"locations":[{"start":{"line":1,"column":2046},"end":{"line":90,"column":-309}}]}},"b":{"0":[0]},"fnMap":{"0":{"name":"(empty-report)","decl":{"start":{"line":1,"column":2046},"end":{"line":90,"column":-309}},"loc":{"start":{"line":1,"column":2046},"end":{"line":90,"column":-309}},"line":1}},"f":{"0":0}}
,"C:\\Users\\USER\\task-app\\src\\main.tsx": {"path":"C:\\Users\\USER\\task-app\\src\\main.tsx","all":true,"statementMap":{"0":{"start":{"line":1,"column":0},"end":{"line":1,"column":34}},"1":{"start":{"line":2,"column":0},"end":{"line":2,"column":45}},"2":{"start":{"line":3,"column":0},"end":{"line":3,"column":20}},"3":{"start":{"line":4,"column":0},"end":{"line":4,"column":27}},"6":{"start":{"line":7,"column":0},"end":{"line":7,"column":52}},"7":{"start":{"line":8,"column":0},"end":{"line":8,"column":14}},"8":{"start":{"line":9,"column":0},"end":{"line":9,"column":11}},"9":{"start":{"line":10,"column":0},"end":{"line":10,"column":16}},"10":{"start":{"line":11,"column":0},"end":{"line":11,"column":1}}},"s":{"0":0,"1":0,"2":0,"3":0,"6":0,"7":0,"8":0,"9":0,"10":0},"branchMap":{"0":{"type":"branch","line":1,"loc":{"start":{"line":1,"column":204},"end":{"line":11,"column":-149}},"locations":[{"start":{"line":1,"column":204},"end":{"line":11,"column":-149}}]}},"b":{"0":[0]},"fnMap":{"0":{"name":"(empty-report)","decl":{"start":{"line":1,"column":204},"end":{"line":11,"column":-149}},"loc":{"start":{"line":1,"column":204},"end":{"line":11,"column":-149}},"line":1}},"f":{"0":0}}
,"C:\\Users\\USER\\task-app\\src\\components\\AddTaskForm.tsx": {"path":"C:\\Users\\USER\\task-app\\src\\components\\AddTaskForm.tsx","all":false,"statementMap":{"0":{"start":{"line":1,"column":0},"end":{"line":1,"column":59}},"1":{"start":{"line":2,"column":0},"end":{"line":2,"column":27}},"3":{"start":{"line":4,"column":0},"end":{"line":4,"column":27}},"4":{"start":{"line":5,"column":0},"end":{"line":5,"column":10}},"5":{"start":{"line":6,"column":0},"end":{"line":6,"column":78}},"6":{"start":{"line":7,"column":0},"end":{"line":7,"column":62}},"7":{"start":{"line":8,"column":0},"end":{"line":8,"column":13}},"8":{"start":{"line":9,"column":0},"end":{"line":9,"column":54}},"9":{"start":{"line":10,"column":0},"end":{"line":10,"column":38}},"10":{"start":{"line":11,"column":0},"end":{"line":11,"column":60}},"11":{"start":{"line":12,"column":0},"end":{"line":12,"column":72}},"12":{"start":{"line":13,"column":0},"end":{"line":13,"column":11}},"13":{"start":{"line":14,"column":0},"end":{"line":14,"column":52}},"14":{"start":{"line":15,"column":0},"end":{"line":15,"column":54}},"15":{"start":{"line":16,"column":0},"end":{"line":16,"column":27}},"16":{"start":{"line":17,"column":0},"end":{"line":17,"column":22}},"17":{"start":{"line":18,"column":0},"end":{"line":18,"column":49}},"18":{"start":{"line":19,"column":0},"end":{"line":19,"column":14}},"19":{"start":{"line":20,"column":0},"end":{"line":20,"column":41}},"20":{"start":{"line":21,"column":0},"end":{"line":21,"column":13}},"22":{"start":{"line":23,"column":0},"end":{"line":23,"column":28}},"23":{"start":{"line":24,"column":0},"end":{"line":24,"column":46}},"24":{"start":{"line":25,"column":0},"end":{"line":25,"column":24}},"25":{"start":{"line":26,"column":0},"end":{"line":26,"column":18}},"26":{"start":{"line":27,"column":0},"end":{"line":27,"column":40}},"27":{"start":{"line":28,"column":0},"end":{"line":28,"column":11}},"28":{"start":{"line":29,"column":0},"end":{"line":29,"column":10}},"30":{"start":{"line":31,"column":0},"end":{"line":31,"column":36}},"31":{"start":{"line":32,"column":0},"end":{"line":32,"column":15}},"32":{"start":{"line":33,"column":0},"end":{"line":33,"column":62}},"33":{"start":{"line":34,"column":0},"end":{"line":34,"column":18}},"34":{"start":{"line":35,"column":0},"end":{"line":35,"column":26}},"35":{"start":{"line":36,"column":0},"end":{"line":36,"column":39}},"36":{"start":{"line":37,"column":0},"end":{"line":37,"column":51}},"37":{"start":{"line":38,"column":0},"end":{"line":38,"column":44}},"38":{"start":{"line":39,"column":0},"end":{"line":39,"column":14}},"39":{"start":{"line":40,"column":0},"end":{"line":40,"column":90}},"40":{"start":{"line":41,"column":0},"end":{"line":41,"column":16}},"41":{"start":{"line":42,"column":0},"end":{"line":42,"column":15}},"42":{"start":{"line":43,"column":0},"end":{"line":43,"column":68}},"43":{"start":{"line":44,"column":0},"end":{"line":44,"column":18}},"44":{"start":{"line":45,"column":0},"end":{"line":45,"column":32}},"45":{"start":{"line":46,"column":0},"end":{"line":46,"column":27}},"46":{"start":{"line":47,"column":0},"end":{"line":47,"column":45}},"47":{"start":{"line":48,"column":0},"end":{"line":48,"column":51}},"48":{"start":{"line":49,"column":0},"end":{"line":49,"column":45}},"49":{"start":{"line":50,"column":0},"end":{"line":50,"column":14}},"50":{"start":{"line":51,"column":0},"end":{"line":51,"column":96}},"51":{"start":{"line":52,"column":0},"end":{"line":52,"column":16}},"52":{"start":{"line":53,"column":0},"end":{"line":53,"column":17}},"53":{"start":{"line":54,"column":0},"end":{"line":54,"column":25}},"54":{"start":{"line":55,"column":0},"end":{"line":55,"column":82}},"55":{"start":{"line":56,"column":0},"end":{"line":56,"column":11}},"57":{"start":{"line":58,"column":0},"end":{"line":58,"column":19}},"58":{"start":{"line":59,"column":0},"end":{"line":59,"column":15}},"59":{"start":{"line":60,"column":0},"end":{"line":60,"column":15}},"60":{"start":{"line":61,"column":0},"end":{"line":61,"column":10}},"62":{"start":{"line":63,"column":0},"end":{"line":63,"column":2}},"64":{"start":{"line":65,"column":0},"end":{"line":65,"column":27}}},"s":{"0":1,"1":1,"3":1,"4":3,"5":3,"6":3,"7":3,"8":3,"9":3,"10":3,"11":3,"12":3,"13":3,"14":2,"15":2,"16":2,"17":2,"18":2,"19":2,"20":2,"22":2,"23":1,"24":1,"25":1,"26":1,"27":1,"28":2,"30":3,"31":3,"32":3,"33":3,"34":3,"35":3,"36":3,"37":3,"38":3,"39":3,"40":3,"41":3,"42":3,"43":3,"44":3,"45":3,"46":3,"47":3,"48":3,"49":3,"50":3,"51":3,"52":3,"53":3,"54":3,"55":3,"57":3,"58":3,"59":3,"60":3,"62":3,"64":1},"branchMap":{"0":{"type":"branch","line":4,"loc":{"start":{"line":4,"column":20},"end":{"line":63,"column":2}},"locations":[{"start":{"line":4,"column":20},"end":{"line":63,"column":2}}]},"1":{"type":"branch","line":14,"loc":{"start":{"line":14,"column":18},"end":{"line":29,"column":10}},"locations":[{"start":{"line":14,"column":18},"end":{"line":29,"column":10}}]},"2":{"type":"branch","line":23,"loc":{"start":{"line":23,"column":27},"end":{"line":28,"column":11}},"locations":[{"start":{"line":23,"column":27},"end":{"line":28,"column":11}}]}},"b":{"0":[3],"1":[2],"2":[1]},"fnMap":{"0":{"name":"AddTaskForm","decl":{"start":{"line":4,"column":20},"end":{"line":63,"column":2}},"loc":{"start":{"line":4,"column":20},"end":{"line":63,"column":2}},"line":4},"1":{"name":"onSubmit","decl":{"start":{"line":14,"column":18},"end":{"line":29,"column":10}},"loc":{"start":{"line":14,"column":18},"end":{"line":29,"column":10}},"line":14}},"f":{"0":3,"1":2}}
,"C:\\Users\\USER\\task-app\\src\\components\\Login.tsx": {"path":"C:\\Users\\USER\\task-app\\src\\components\\Login.tsx","all":false,"statementMap":{"0":{"start":{"line":1,"column":0},"end":{"line":1,"column":35}},"1":{"start":{"line":2,"column":0},"end":{"line":2,"column":27}},"2":{"start":{"line":3,"column":0},"end":{"line":3,"column":48}},"4":{"start":{"line":5,"column":0},"end":{"line":5,"column":21}},"5":{"start":{"line":6,"column":0},"end":{"line":6,"column":34}},"7":{"start":{"line":8,"column":0},"end":{"line":8,"column":28}},"8":{"start":{"line":9,"column":0},"end":{"line":9,"column":20}},"9":{"start":{"line":10,"column":0},"end":{"line":10,"column":16}},"10":{"start":{"line":11,"column":0},"end":{"line":11,"column":19}},"11":{"start":{"line":12,"column":0},"end":{"line":12,"column":6}},"12":{"start":{"line":13,"column":0},"end":{"line":13,"column":34}},"13":{"start":{"line":14,"column":0},"end":{"line":14,"column":78}},"14":{"start":{"line":15,"column":0},"end":{"line":15,"column":99}},"15":{"start":{"line":16,"column":0},"end":{"line":16,"column":7}},"16":{"start":{"line":17,"column":0},"end":{"line":17,"column":27}},"17":{"start":{"line":18,"column":0},"end":{"line":18,"column":26}},"19":{"start":{"line":20,"column":0},"end":{"line":20,"column":29}},"20":{"start":{"line":21,"column":0},"end":{"line":21,"column":6}},"21":{"start":{"line":22,"column":0},"end":{"line":22,"column":5}},"23":{"start":{"line":24,"column":0},"end":{"line":24,"column":10}},"24":{"start":{"line":25,"column":0},"end":{"line":25,"column":79}},"25":{"start":{"line":26,"column":0},"end":{"line":26,"column":11}},"26":{"start":{"line":27,"column":0},"end":{"line":27,"column":38}},"27":{"start":{"line":28,"column":0},"end":{"line":28,"column":69}},"29":{"start":{"line":30,"column":0},"end":{"line":30,"column":70}},"31":{"start":{"line":32,"column":0},"end":{"line":32,"column":30}},"32":{"start":{"line":33,"column":0},"end":{"line":33,"column":98}},"33":{"start":{"line":34,"column":0},"end":{"line":34,"column":16}},"34":{"start":{"line":35,"column":0},"end":{"line":35,"column":22}},"35":{"start":{"line":36,"column":0},"end":{"line":36,"column":24}},"36":{"start":{"line":37,"column":0},"end":{"line":37,"column":24}},"37":{"start":{"line":38,"column":0},"end":{"line":38,"column":42}},"38":{"start":{"line":39,"column":0},"end":{"line":39,"column":38}},"39":{"start":{"line":40,"column":0},"end":{"line":40,"column":39}},"40":{"start":{"line":41,"column":0},"end":{"line":41,"column":126}},"41":{"start":{"line":42,"column":0},"end":{"line":42,"column":12}},"42":{"start":{"line":43,"column":0},"end":{"line":43,"column":58}},"43":{"start":{"line":44,"column":0},"end":{"line":44,"column":77}},"44":{"start":{"line":45,"column":0},"end":{"line":45,"column":19}},"45":{"start":{"line":46,"column":0},"end":{"line":46,"column":14}},"47":{"start":{"line":48,"column":0},"end":{"line":48,"column":30}},"48":{"start":{"line":49,"column":0},"end":{"line":49,"column":104}},"49":{"start":{"line":50,"column":0},"end":{"line":50,"column":16}},"50":{"start":{"line":51,"column":0},"end":{"line":51,"column":25}},"51":{"start":{"line":52,"column":0},"end":{"line":52,"column":27}},"52":{"start":{"line":53,"column":0},"end":{"line":53,"column":27}},"53":{"start":{"line":54,"column":0},"end":{"line":54,"column":42}},"54":{"start":{"line":55,"column":0},"end":{"line":55,"column":38}},"55":{"start":{"line":56,"column":0},"end":{"line":56,"column":42}},"56":{"start":{"line":57,"column":0},"end":{"line":57,"column":126}},"57":{"start":{"line":58,"column":0},"end":{"line":58,"column":12}},"58":{"start":{"line":59,"column":0},"end":{"line":59,"column":64}},"59":{"start":{"line":60,"column":0},"end":{"line":60,"column":80}},"60":{"start":{"line":61,"column":0},"end":{"line":61,"column":19}},"61":{"start":{"line":62,"column":0},"end":{"line":62,"column":14}},"63":{"start":{"line":64,"column":0},"end":{"line":64,"column":15}},"64":{"start":{"line":65,"column":0},"end":{"line":65,"column":23}},"65":{"start":{"line":66,"column":0},"end":{"line":66,"column":85}},"66":{"start":{"line":67,"column":0},"end":{"line":67,"column":9}},"68":{"start":{"line":69,"column":0},"end":{"line":69,"column":17}},"69":{"start":{"line":70,"column":0},"end":{"line":70,"column":13}},"70":{"start":{"line":71,"column":0},"end":{"line":71,"column":10}},"72":{"start":{"line":73,"column":0},"end":{"line":73,"column":2}},"74":{"start":{"line":75,"column":0},"end":{"line":75,"column":21}}},"s":{"0":1,"1":1,"2":1,"4":1,"5":102,"7":102,"8":102,"9":102,"10":102,"11":102,"12":102,"13":102,"14":102,"15":102,"16":102,"17":1,"19":1,"20":1,"21":102,"23":102,"24":102,"25":102,"26":102,"27":102,"29":102,"31":102,"32":102,"33":102,"34":102,"35":102,"36":102,"37":102,"38":102,"39":102,"40":102,"41":102,"42":102,"43":3,"44":99,"45":102,"47":102,"48":102,"49":102,"50":102,"51":102,"52":102,"53":102,"54":102,"55":102,"56":102,"57":102,"58":102,"59":3,"60":99,"61":102,"63":102,"64":102,"65":102,"66":102,"68":102,"69":102,"70":102,"72":102,"74":1},"branchMap":{"0":{"type":"branch","line":5,"loc":{"start":{"line":5,"column":14},"end":{"line":73,"column":2}},"locations":[{"start":{"line":5,"column":14},"end":{"line":73,"column":2}}]},"1":{"type":"branch","line":43,"loc":{"start":{"line":43,"column":26},"end":{"line":43,"column":58}},"locations":[{"start":{"line":43,"column":26},"end":{"line":43,"column":58}}]},"2":{"type":"branch","line":43,"loc":{"start":{"line":43,"column":49},"end":{"line":44,"column":77}},"locations":[{"start":{"line":43,"column":49},"end":{"line":44,"column":77}}]},"3":{"type":"branch","line":44,"loc":{"start":{"line":44,"column":71},"end":{"line":45,"column":19}},"locations":[{"start":{"line":44,"column":71},"end":{"line":45,"column":19}}]},"4":{"type":"branch","line":59,"loc":{"start":{"line":59,"column":26},"end":{"line":59,"column":64}},"locations":[{"start":{"line":59,"column":26},"end":{"line":59,"column":64}}]},"5":{"type":"branch","line":59,"loc":{"start":{"line":59,"column":52},"end":{"line":60,"column":80}},"locations":[{"start":{"line":59,"column":52},"end":{"line":60,"column":80}}]},"6":{"type":"branch","line":60,"loc":{"start":{"line":60,"column":74},"end":{"line":61,"column":19}},"locations":[{"start":{"line":60,"column":74},"end":{"line":61,"column":19}}]},"7":{"type":"branch","line":17,"loc":{"start":{"line":17,"column":14},"end":{"line":21,"column":6}},"locations":[{"start":{"line":17,"column":14},"end":{"line":21,"column":6}}]}},"b":{"0":[102],"1":[30],"2":[3],"3":[99],"4":[6],"5":[3],"6":[99],"7":[1]},"fnMap":{"0":{"name":"Login","decl":{"start":{"line":5,"column":14},"end":{"line":73,"column":2}},"loc":{"start":{"line":5,"column":14},"end":{"line":73,"column":2}},"line":5},"1":{"name":"onSubmit","decl":{"start":{"line":17,"column":14},"end":{"line":21,"column":6}},"loc":{"start":{"line":17,"column":14},"end":{"line":21,"column":6}},"line":17}},"f":{"0":102,"1":1}}
,"C:\\Users\\USER\\task-app\\src\\components\\PrivateRoute.tsx": {"path":"C:\\Users\\USER\\task-app\\src\\components\\PrivateRoute.tsx","all":false,"statementMap":{"0":{"start":{"line":1,"column":0},"end":{"line":1,"column":29}},"9":{"start":{"line":10,"column":0},"end":{"line":10,"column":31}},"12":{"start":{"line":13,"column":0},"end":{"line":13,"column":29}},"20":{"start":{"line":21,"column":0},"end":{"line":21,"column":31}},"25":{"start":{"line":26,"column":0},"end":{"line":26,"column":44}},"28":{"start":{"line":29,"column":0},"end":{"line":29,"column":91}},"31":{"start":{"line":32,"column":0},"end":{"line":32,"column":69}},"32":{"start":{"line":33,"column":0},"end":{"line":33,"column":79}},"33":{"start":{"line":34,"column":0},"end":{"line":34,"column":2}},"35":{"start":{"line":36,"column":0},"end":{"line":36,"column":28}}},"s":{"0":1,"9":1,"12":1,"20":1,"25":1,"28":1,"31":1,"32":2,"33":2,"35":1},"branchMap":{"0":{"type":"branch","line":29,"loc":{"start":{"line":29,"column":24},"end":{"line":29,"column":91}},"locations":[{"start":{"line":29,"column":24},"end":{"line":29,"column":91}}]},"1":{"type":"branch","line":32,"loc":{"start":{"line":32,"column":21},"end":{"line":34,"column":2}},"locations":[{"start":{"line":32,"column":21},"end":{"line":34,"column":2}}]},"2":{"type":"branch","line":33,"loc":{"start":{"line":33,"column":25},"end":{"line":33,"column":46}},"locations":[{"start":{"line":33,"column":25},"end":{"line":33,"column":46}}]},"3":{"type":"branch","line":33,"loc":{"start":{"line":33,"column":40},"end":{"line":33,"column":79}},"locations":[{"start":{"line":33,"column":40},"end":{"line":33,"column":79}}]}},"b":{"0":[2],"1":[2],"2":[1],"3":[1]},"fnMap":{"0":{"name":"isAuthenticated","decl":{"start":{"line":29,"column":24},"end":{"line":29,"column":91}},"loc":{"start":{"line":29,"column":24},"end":{"line":29,"column":91}},"line":29},"1":{"name":"PrivateRoute","decl":{"start":{"line":32,"column":21},"end":{"line":34,"column":2}},"loc":{"start":{"line":32,"column":21},"end":{"line":34,"column":2}},"line":32}},"f":{"0":2,"1":2}}
,"C:\\Users\\USER\\task-app\\src\\components\\TaskList.tsx": {"path":"C:\\Users\\USER\\task-app\\src\\components\\TaskList.tsx","all":false,"statementMap":{"0":{"start":{"line":1,"column":0},"end":{"line":1,"column":44}},"1":{"start":{"line":2,"column":0},"end":{"line":2,"column":86}},"9":{"start":{"line":10,"column":0},"end":{"line":10,"column":24}},"10":{"start":{"line":11,"column":0},"end":{"line":11,"column":49}},"11":{"start":{"line":12,"column":0},"end":{"line":12,"column":41}},"12":{"start":{"line":13,"column":0},"end":{"line":13,"column":53}},"14":{"start":{"line":15,"column":0},"end":{"line":15,"column":33}},"15":{"start":{"line":16,"column":0},"end":{"line":16,"column":9}},"16":{"start":{"line":17,"column":0},"end":{"line":17,"column":38}},"17":{"start":{"line":18,"column":0},"end":{"line":18,"column":21}},"18":{"start":{"line":19,"column":0},"end":{"line":19,"column":21}},"19":{"start":{"line":20,"column":0},"end":{"line":20,"column":52}},"20":{"start":{"line":21,"column":0},"end":{"line":21,"column":5}},"21":{"start":{"line":22,"column":0},"end":{"line":22,"column":4}},"23":{"start":{"line":24,"column":0},"end":{"line":24,"column":19}},"24":{"start":{"line":25,"column":0},"end":{"line":25,"column":16}},"25":{"start":{"line":26,"column":0},"end":{"line":26,"column":9}},"27":{"start":{"line":28,"column":0},"end":{"line":28,"column":37}},"28":{"start":{"line":29,"column":0},"end":{"line":29,"column":39}},"29":{"start":{"line":30,"column":0},"end":{"line":30,"column":9}},"30":{"start":{"line":31,"column":0},"end":{"line":31,"column":40}},"31":{"start":{"line":32,"column":0},"end":{"line":32,"column":19}},"32":{"start":{"line":33,"column":0},"end":{"line":33,"column":25}},"33":{"start":{"line":34,"column":0},"end":{"line":34,"column":18}},"34":{"start":{"line":35,"column":0},"end":{"line":35,"column":21}},"35":{"start":{"line":36,"column":0},"end":{"line":36,"column":49}},"36":{"start":{"line":37,"column":0},"end":{"line":37,"column":5}},"37":{"start":{"line":38,"column":0},"end":{"line":38,"column":4}},"39":{"start":{"line":40,"column":0},"end":{"line":40,"column":46}},"40":{"start":{"line":41,"column":0},"end":{"line":41,"column":66}},"41":{"start":{"line":42,"column":0},"end":{"line":42,"column":9}},"42":{"start":{"line":43,"column":0},"end":{"line":43,"column":27}},"43":{"start":{"line":44,"column":0},"end":{"line":44,"column":18}},"44":{"start":{"line":45,"column":0},"end":{"line":45,"column":21}},"45":{"start":{"line":46,"column":0},"end":{"line":46,"column":51}},"46":{"start":{"line":47,"column":0},"end":{"line":47,"column":5}},"47":{"start":{"line":48,"column":0},"end":{"line":48,"column":4}},"49":{"start":{"line":50,"column":0},"end":{"line":50,"column":44}},"50":{"start":{"line":51,"column":0},"end":{"line":51,"column":51}},"51":{"start":{"line":52,"column":0},"end":{"line":52,"column":63}},"52":{"start":{"line":53,"column":0},"end":{"line":53,"column":37}},"53":{"start":{"line":54,"column":0},"end":{"line":54,"column":11}},"54":{"start":{"line":55,"column":0},"end":{"line":55,"column":55}},"55":{"start":{"line":56,"column":0},"end":{"line":56,"column":20}},"56":{"start":{"line":57,"column":0},"end":{"line":57,"column":23}},"57":{"start":{"line":58,"column":0},"end":{"line":58,"column":53}},"58":{"start":{"line":59,"column":0},"end":{"line":59,"column":7}},"59":{"start":{"line":60,"column":0},"end":{"line":60,"column":5}},"60":{"start":{"line":61,"column":0},"end":{"line":61,"column":4}},"62":{"start":{"line":63,"column":0},"end":{"line":63,"column":10}},"63":{"start":{"line":64,"column":0},"end":{"line":64,"column":25}},"64":{"start":{"line":65,"column":0},"end":{"line":65,"column":56}},"66":{"start":{"line":67,"column":0},"end":{"line":67,"column":38}},"67":{"start":{"line":68,"column":0},"end":{"line":68,"column":14}},"68":{"start":{"line":69,"column":0},"end":{"line":69,"column":21}},"69":{"start":{"line":70,"column":0},"end":{"line":70,"column":22}},"70":{"start":{"line":71,"column":0},"end":{"line":71,"column":31}},"71":{"start":{"line":72,"column":0},"end":{"line":72,"column":53}},"72":{"start":{"line":73,"column":0},"end":{"line":73,"column":23}},"73":{"start":{"line":74,"column":0},"end":{"line":74,"column":52}},"74":{"start":{"line":75,"column":0},"end":{"line":75,"column":10}},"75":{"start":{"line":76,"column":0},"end":{"line":76,"column":17}},"76":{"start":{"line":77,"column":0},"end":{"line":77,"column":28}},"77":{"start":{"line":78,"column":0},"end":{"line":78,"column":34}},"78":{"start":{"line":79,"column":0},"end":{"line":79,"column":53}},"79":{"start":{"line":80,"column":0},"end":{"line":80,"column":29}},"80":{"start":{"line":81,"column":0},"end":{"line":81,"column":58}},"81":{"start":{"line":82,"column":0},"end":{"line":82,"column":20}},"82":{"start":{"line":83,"column":0},"end":{"line":83,"column":93}},"84":{"start":{"line":85,"column":0},"end":{"line":85,"column":17}},"85":{"start":{"line":86,"column":0},"end":{"line":86,"column":12}},"88":{"start":{"line":89,"column":0},"end":{"line":89,"column":29}},"89":{"start":{"line":90,"column":0},"end":{"line":90,"column":70}},"91":{"start":{"line":92,"column":0},"end":{"line":92,"column":34}},"92":{"start":{"line":93,"column":0},"end":{"line":93,"column":32}},"93":{"start":{"line":94,"column":0},"end":{"line":94,"column":70}},"94":{"start":{"line":95,"column":0},"end":{"line":95,"column":63}},"95":{"start":{"line":96,"column":0},"end":{"line":96,"column":69}},"96":{"start":{"line":97,"column":0},"end":{"line":97,"column":46}},"97":{"start":{"line":98,"column":0},"end":{"line":98,"column":23}},"98":{"start":{"line":99,"column":0},"end":{"line":99,"column":61}},"99":{"start":{"line":100,"column":0},"end":{"line":100,"column":53}},"100":{"start":{"line":101,"column":0},"end":{"line":101,"column":17}},"102":{"start":{"line":103,"column":0},"end":{"line":103,"column":25}},"103":{"start":{"line":104,"column":0},"end":{"line":104,"column":23}},"104":{"start":{"line":105,"column":0},"end":{"line":105,"column":69}},"105":{"start":{"line":106,"column":0},"end":{"line":106,"column":55}},"106":{"start":{"line":107,"column":0},"end":{"line":107,"column":17}},"108":{"start":{"line":109,"column":0},"end":{"line":109,"column":25}},"109":{"start":{"line":110,"column":0},"end":{"line":110,"column":20}},"110":{"start":{"line":111,"column":0},"end":{"line":111,"column":17}},"111":{"start":{"line":112,"column":0},"end":{"line":112,"column":13}},"112":{"start":{"line":113,"column":0},"end":{"line":113,"column":13}},"114":{"start":{"line":115,"column":0},"end":{"line":115,"column":10}},"116":{"start":{"line":117,"column":0},"end":{"line":117,"column":2}},"118":{"start":{"line":119,"column":0},"end":{"line":119,"column":24}}},"s":{"0":1,"1":1,"9":1,"10":29,"11":29,"12":29,"14":29,"15":15,"16":15,"17":14,"18":15,"19":1,"20":1,"21":15,"23":29,"24":12,"25":29,"27":29,"28":3,"29":2,"30":2,"31":1,"32":1,"33":1,"34":1,"35":1,"36":1,"37":3,"39":29,"40":3,"41":2,"42":2,"43":1,"44":1,"45":1,"46":1,"47":3,"49":29,"50":3,"51":3,"52":3,"53":2,"54":2,"55":1,"56":1,"57":1,"58":1,"59":2,"60":3,"62":29,"63":29,"64":29,"66":29,"67":29,"68":29,"69":29,"70":29,"71":29,"72":29,"73":29,"74":29,"75":29,"76":29,"77":29,"78":29,"79":29,"80":29,"81":29,"82":29,"84":29,"85":29,"88":29,"89":19,"91":10,"92":10,"93":11,"94":11,"95":11,"96":11,"97":11,"98":11,"99":11,"100":11,"102":11,"103":11,"104":11,"105":11,"106":11,"108":11,"109":11,"110":11,"111":10,"112":10,"114":29,"116":29,"118":1},"branchMap":{"0":{"type":"branch","line":10,"loc":{"start":{"line":10,"column":17},"end":{"line":117,"column":2}},"locations":[{"start":{"line":10,"column":17},"end":{"line":117,"column":2}}]},"1":{"type":"branch","line":89,"loc":{"start":{"line":89,"column":24},"end":{"line":90,"column":70}},"locations":[{"start":{"line":89,"column":24},"end":{"line":90,"column":70}}]},"2":{"type":"branch","line":90,"loc":{"start":{"line":90,"column":64},"end":{"line":113,"column":13}},"locations":[{"start":{"line":90,"column":64},"end":{"line":113,"column":13}}]},"3":{"type":"branch","line":15,"loc":{"start":{"line":15,"column":20},"end":{"line":22,"column":4}},"locations":[{"start":{"line":15,"column":20},"end":{"line":22,"column":4}}]},"4":{"type":"branch","line":17,"loc":{"start":{"line":17,"column":36},"end":{"line":19,"column":13}},"locations":[{"start":{"line":17,"column":36},"end":{"line":19,"column":13}}]},"5":{"type":"branch","line":19,"loc":{"start":{"line":19,"column":4},"end":{"line":21,"column":5}},"locations":[{"start":{"line":19,"column":4},"end":{"line":21,"column":5}}]},"6":{"type":"branch","line":24,"loc":{"start":{"line":24,"column":12},"end":{"line":26,"column":5}},"locations":[{"start":{"line":24,"column":12},"end":{"line":26,"column":5}}]},"7":{"type":"branch","line":28,"loc":{"start":{"line":28,"column":24},"end":{"line":38,"column":4}},"locations":[{"start":{"line":28,"column":24},"end":{"line":38,"column":4}}]},"8":{"type":"branch","line":29,"loc":{"start":{"line":29,"column":9},"end":{"line":29,"column":32}},"locations":[{"start":{"line":29,"column":9},"end":{"line":29,"column":32}}]},"9":{"type":"branch","line":29,"loc":{"start":{"line":29,"column":32},"end":{"line":29,"column":39}},"locations":[{"start":{"line":29,"column":32},"end":{"line":29,"column":39}}]},"10":{"type":"branch","line":29,"loc":{"start":{"line":29,"column":32},"end":{"line":31,"column":40}},"locations":[{"start":{"line":29,"column":32},"end":{"line":31,"column":40}}]},"11":{"type":"branch","line":31,"loc":{"start":{"line":31,"column":38},"end":{"line":37,"column":5}},"locations":[{"start":{"line":31,"column":38},"end":{"line":37,"column":5}}]},"12":{"type":"branch","line":40,"loc":{"start":{"line":40,"column":23},"end":{"line":48,"column":4}},"locations":[{"start":{"line":40,"column":23},"end":{"line":48,"column":4}}]},"13":{"type":"branch","line":41,"loc":{"start":{"line":41,"column":59},"end":{"line":41,"column":66}},"locations":[{"start":{"line":41,"column":59},"end":{"line":41,"column":66}}]},"14":{"type":"branch","line":41,"loc":{"start":{"line":41,"column":59},"end":{"line":43,"column":27}},"locations":[{"start":{"line":41,"column":59},"end":{"line":43,"column":27}}]},"15":{"type":"branch","line":43,"loc":{"start":{"line":43,"column":25},"end":{"line":47,"column":5}},"locations":[{"start":{"line":43,"column":25},"end":{"line":47,"column":5}}]},"16":{"type":"branch","line":50,"loc":{"start":{"line":50,"column":21},"end":{"line":61,"column":4}},"locations":[{"start":{"line":50,"column":21},"end":{"line":61,"column":4}}]},"17":{"type":"branch","line":53,"loc":{"start":{"line":53,"column":8},"end":{"line":53,"column":36}},"locations":[{"start":{"line":53,"column":8},"end":{"line":53,"column":36}}]},"18":{"type":"branch","line":53,"loc":{"start":{"line":53,"column":36},"end":{"line":60,"column":5}},"locations":[{"start":{"line":53,"column":36},"end":{"line":60,"column":5}}]},"19":{"type":"branch","line":55,"loc":{"start":{"line":55,"column":53},"end":{"line":59,"column":7}},"locations":[{"start":{"line":55,"column":53},"end":{"line":59,"column":7}}]},"20":{"type":"branch","line":74,"loc":{"start":{"line":74,"column":20},"end":{"line":74,"column":52}},"locations":[{"start":{"line":74,"column":20},"end":{"line":74,"column":52}}]},"21":{"type":"branch","line":81,"loc":{"start":{"line":81,"column":20},"end":{"line":81,"column":58}},"locations":[{"start":{"line":81,"column":20},"end":{"line":81,"column":58}}]},"22":{"type":"branch","line":93,"loc":{"start":{"line":93,"column":21},"end":{"line":111,"column":17}},"locations":[{"start":{"line":93,"column":21},"end":{"line":111,"column":17}}]},"23":{"type":"branch","line":100,"loc":{"start":{"line":100,"column":27},"end":{"line":100,"column":53}},"locations":[{"start":{"line":100,"column":27},"end":{"line":100,"column":53}}]},"24":{"type":"branch","line":106,"loc":{"start":{"line":106,"column":27},"end":{"line":106,"column":55}},"locations":[{"start":{"line":106,"column":27},"end":{"line":106,"column":55}}]}},"b":{"0":[29],"1":[19],"2":[10],"3":[15],"4":[14],"5":[1],"6":[12],"7":[3],"8":[2],"9":[1],"10":[2],"11":[1],"12":[3],"13":[1],"14":[2],"15":[1],"16":[3],"17":[2],"18":[2],"19":[1],"20":[2],"21":[2],"22":[11],"23":[3],"24":[3]},"fnMap":{"0":{"name":"TaskList","decl":{"start":{"line":10,"column":17},"end":{"line":117,"column":2}},"loc":{"start":{"line":10,"column":17},"end":{"line":117,"column":2}},"line":10},"1":{"name":"loadTasks","decl":{"start":{"line":15,"column":20},"end":{"line":22,"column":4}},"loc":{"start":{"line":15,"column":20},"end":{"line":22,"column":4}},"line":15},"2":{"name":"handleAddTask","decl":{"start":{"line":28,"column":24},"end":{"line":38,"column":4}},"loc":{"start":{"line":28,"column":24},"end":{"line":38,"column":4}},"line":28},"3":{"name":"handleDelete","decl":{"start":{"line":40,"column":23},"end":{"line":48,"column":4}},"loc":{"start":{"line":40,"column":23},"end":{"line":48,"column":4}},"line":40},"4":{"name":"handleEdit","decl":{"start":{"line":50,"column":21},"end":{"line":61,"column":4}},"loc":{"start":{"line":50,"column":21},"end":{"line":61,"column":4}},"line":50},"5":{"name":"onChange","decl":{"start":{"line":74,"column":20},"end":{"line":74,"column":52}},"loc":{"start":{"line":74,"column":20},"end":{"line":74,"column":52}},"line":74},"6":{"name":"onChange","decl":{"start":{"line":81,"column":20},"end":{"line":81,"column":58}},"loc":{"start":{"line":81,"column":20},"end":{"line":81,"column":58}},"line":81},"7":{"name":"onClick","decl":{"start":{"line":100,"column":27},"end":{"line":100,"column":53}},"loc":{"start":{"line":100,"column":27},"end":{"line":100,"column":53}},"line":100},"8":{"name":"onClick","decl":{"start":{"line":106,"column":27},"end":{"line":106,"column":55}},"loc":{"start":{"line":106,"column":27},"end":{"line":106,"column":55}},"line":106}},"f":{"0":29,"1":15,"2":3,"3":3,"4":3,"5":2,"6":2,"7":3,"8":3}}
,"C:\\Users\\USER\\task-app\\src\\pages\\Dashboard.tsx": {"path":"C:\\Users\\USER\\task-app\\src\\pages\\Dashboard.tsx","all":true,"statementMap":{"1":{"start":{"line":2,"column":0},"end":{"line":2,"column":52}},"2":{"start":{"line":3,"column":0},"end":{"line":3,"column":46}},"4":{"start":{"line":5,"column":0},"end":{"line":5,"column":25}},"5":{"start":{"line":6,"column":0},"end":{"line":6,"column":10}},"6":{"start":{"line":7,"column":0},"end":{"line":7,"column":43}},"7":{"start":{"line":8,"column":0},"end":{"line":8,"column":60}},"8":{"start":{"line":9,"column":0},"end":{"line":9,"column":21}},"9":{"start":{"line":10,"column":0},"end":{"line":10,"column":28}},"10":{"start":{"line":11,"column":0},"end":{"line":11,"column":20}},"11":{"start":{"line":12,"column":0},"end":{"line":12,"column":12}},"12":{"start":{"line":13,"column":0},"end":{"line":13,"column":10}},"14":{"start":{"line":15,"column":0},"end":{"line":15,"column":2}},"16":{"start":{"line":17,"column":0},"end":{"line":17,"column":25}}},"s":{"1":0,"2":0,"4":0,"5":0,"6":0,"7":0,"8":0,"9":0,"10":0,"11":0,"12":0,"14":0,"16":0},"branchMap":{"0":{"type":"branch","line":1,"loc":{"start":{"line":1,"column":222},"end":{"line":17,"column":-215}},"locations":[{"start":{"line":1,"column":222},"end":{"line":17,"column":-215}}]}},"b":{"0":[1]},"fnMap":{"0":{"name":"(empty-report)","decl":{"start":{"line":1,"column":222},"end":{"line":17,"column":-215}},"loc":{"start":{"line":1,"column":222},"end":{"line":17,"column":-215}},"line":1}},"f":{"0":1}}
,"C:\\Users\\USER\\task-app\\src\\services\\taskService.ts": {"path":"C:\\Users\\USER\\task-app\\src\\services\\taskService.ts","all":false,"statementMap":{"0":{"start":{"line":1,"column":0},"end":{"line":1,"column":55}},"1":{"start":{"line":2,"column":0},"end":{"line":2,"column":68}},"2":{"start":{"line":3,"column":0},"end":{"line":3,"column":23}},"3":{"start":{"line":4,"column":0},"end":{"line":4,"column":47}},"4":{"start":{"line":5,"column":0},"end":{"line":5,"column":5}},"5":{"start":{"line":6,"column":0},"end":{"line":6,"column":27}},"6":{"start":{"line":7,"column":0},"end":{"line":7,"column":4}},"8":{"start":{"line":9,"column":0},"end":{"line":9,"column":87}},"9":{"start":{"line":10,"column":0},"end":{"line":10,"column":69}},"10":{"start":{"line":11,"column":0},"end":{"line":11,"column":21}},"11":{"start":{"line":12,"column":0},"end":{"line":12,"column":54}},"12":{"start":{"line":13,"column":0},"end":{"line":13,"column":51}},"13":{"start":{"line":14,"column":0},"end":{"line":14,"column":7}},"14":{"start":{"line":15,"column":0},"end":{"line":15,"column":23}},"15":{"start":{"line":16,"column":0},"end":{"line":16,"column":44}},"16":{"start":{"line":17,"column":0},"end":{"line":17,"column":5}},"17":{"start":{"line":18,"column":0},"end":{"line":18,"column":4}},"19":{"start":{"line":20,"column":0},"end":{"line":20,"column":66}},"20":{"start":{"line":21,"column":0},"end":{"line":21,"column":75}},"21":{"start":{"line":22,"column":0},"end":{"line":22,"column":23}},"22":{"start":{"line":23,"column":0},"end":{"line":23,"column":7}},"23":{"start":{"line":24,"column":0},"end":{"line":24,"column":23}},"24":{"start":{"line":25,"column":0},"end":{"line":25,"column":47}},"25":{"start":{"line":26,"column":0},"end":{"line":26,"column":5}},"26":{"start":{"line":27,"column":0},"end":{"line":27,"column":4}},"28":{"start":{"line":29,"column":0},"end":{"line":29,"column":102}},"29":{"start":{"line":30,"column":0},"end":{"line":30,"column":75}},"30":{"start":{"line":31,"column":0},"end":{"line":31,"column":22}},"31":{"start":{"line":32,"column":0},"end":{"line":32,"column":16}},"32":{"start":{"line":33,"column":0},"end":{"line":33,"column":43}},"33":{"start":{"line":34,"column":0},"end":{"line":34,"column":8}},"34":{"start":{"line":35,"column":0},"end":{"line":35,"column":51}},"35":{"start":{"line":36,"column":0},"end":{"line":36,"column":7}},"36":{"start":{"line":37,"column":0},"end":{"line":37,"column":23}},"37":{"start":{"line":38,"column":0},"end":{"line":38,"column":47}},"38":{"start":{"line":39,"column":0},"end":{"line":39,"column":5}},"39":{"start":{"line":40,"column":0},"end":{"line":40,"column":4}}},"s":{"0":1,"1":0,"2":0,"3":0,"4":0,"5":0,"6":0,"8":1,"9":0,"10":0,"11":0,"12":0,"13":0,"14":0,"15":0,"16":0,"17":0,"19":1,"20":0,"21":0,"22":0,"23":0,"24":0,"25":0,"26":0,"28":1,"29":0,"30":0,"31":0,"32":0,"33":0,"34":0,"35":0,"36":0,"37":0,"38":0,"39":0},"branchMap":{},"b":{},"fnMap":{"0":{"name":"fetchTasks","decl":{"start":{"line":1,"column":26},"end":{"line":7,"column":4}},"loc":{"start":{"line":1,"column":26},"end":{"line":7,"column":4}},"line":1},"1":{"name":"addTask","decl":{"start":{"line":9,"column":25},"end":{"line":18,"column":4}},"loc":{"start":{"line":9,"column":25},"end":{"line":18,"column":4}},"line":9},"2":{"name":"deleteTask","decl":{"start":{"line":20,"column":28},"end":{"line":27,"column":4}},"loc":{"start":{"line":20,"column":28},"end":{"line":27,"column":4}},"line":20},"3":{"name":"updateTask","decl":{"start":{"line":29,"column":28},"end":{"line":40,"column":4}},"loc":{"start":{"line":29,"column":28},"end":{"line":40,"column":4}},"line":29}},"f":{"0":0,"1":0,"2":0,"3":0}}
,"C:\\Users\\USER\\task-app\\src\\utils\\auth.ts": {"path":"C:\\Users\\USER\\task-app\\src\\utils\\auth.ts","all":true,"statementMap":{"0":{"start":{"line":1,"column":0},"end":{"line":1,"column":50}},"1":{"start":{"line":2,"column":0},"end":{"line":2,"column":41}},"2":{"start":{"line":3,"column":0},"end":{"line":3,"column":4}},"4":{"start":{"line":5,"column":0},"end":{"line":5,"column":49}},"5":{"start":{"line":6,"column":0},"end":{"line":6,"column":48}},"6":{"start":{"line":7,"column":0},"end":{"line":7,"column":19}},"7":{"start":{"line":8,"column":0},"end":{"line":8,"column":4}},"9":{"start":{"line":10,"column":0},"end":{"line":10,"column":48}},"10":{"start":{"line":11,"column":0},"end":{"line":11,"column":41}},"11":{"start":{"line":12,"column":0},"end":{"line":12,"column":4}},"13":{"start":{"line":14,"column":0},"end":{"line":14,"column":41}},"14":{"start":{"line":15,"column":0},"end":{"line":15,"column":75}},"15":{"start":{"line":16,"column":0},"end":{"line":16,"column":4}}},"s":{"0":0,"1":0,"2":0,"4":0,"5":0,"6":0,"7":0,"9":0,"10":0,"11":0,"13":0,"14":0,"15":0},"branchMap":{"0":{"type":"branch","line":1,"loc":{"start":{"line":1,"column":462},"end":{"line":16,"column":4}},"locations":[{"start":{"line":1,"column":462},"end":{"line":16,"column":4}}]}},"b":{"0":[0]},"fnMap":{"0":{"name":"(empty-report)","decl":{"start":{"line":1,"column":462},"end":{"line":16,"column":4}},"loc":{"start":{"line":1,"column":462},"end":{"line":16,"column":4}},"line":1}},"f":{"0":0}}
}
